<?xml version="1.0" encoding="UTF-8"?><testsuite errors="0" failures="0" name="LEX -&gt; Desacoplamiento" skipped="1" tests="8" time="330.71" timestamp="2020-08-31 04:03:47"><testcase name="Menu Estudiantes/Opcion Clasificacion estudiantes / Consultar Estudiante"/><testcase name="Menu Estudiantes/Opcion Clasificacion estudiantes / Agregar Estudiante"><skipped/></testcase><testcase name="Menu Estudiantes/Opcion Evaluacion estudiantes"/><testcase name="Menu Estudiantes/Administracion notas aprobadas"/><testcase name="Menu Proceso/Opcion Ingreso Proceso"/><testcase name="Menu Proceso/Repartir Proceso"/><testcase name="Menu Consultas/Examinar consultas estudiantes"/></testsuite>