<?xml version="1.0" encoding="UTF-8"?><testsuite errors="1" failures="0" name="LEX -&gt; Desacoplamiento" skipped="1" tests="8" time="317.52" timestamp="2020-08-28 10:45:27"><testcase name="Menu Estudiantes/Opcion Clasificacion estudiantes / Consultar Estudiante"/><testcase name="Menu Estudiantes/Opcion Clasificacion estudiantes / Agregar Estudiante"><skipped/></testcase><testcase name="Menu Estudiantes/Opcion Evaluacion estudiantes"/><testcase name="Menu Estudiantes/Administracion notas aprobadas"/><testcase name="Menu Proceso/Opcion Ingreso Proceso"><error message="The following error occurred: Cannot locate option with value: 10405&#10;For documentation on this error, please visit: http://seleniumhq.org/exceptions/no_such_element.html&#10;Build info: version: '3.11.0', revision: 'e59cfb3', time: '2018-03-11T20:26:55.152Z'&#10;System info: host: 'PTOF67355', ip: '192.168.0.146', os.name: 'Windows 10', os.arch: 'amd64', os.version: '10.0', java.version: '1.8.0_191'&#10;Driver info: driver.version: unknown&#10;For documentation on this error, please visit: http://seleniumhq.org/exceptions/no_such_element.html&#10;Build info: version: '3.11.0', revision: 'e59cfb3', time: '2018-03-11T20:26:55.152Z'&#10;System info: host: 'PTOF67355', ip: '192.168.0.146', os.name: 'Windows 10', os.arch: 'amd64', os.version: '10.0', java.version: '1.8.0_191'&#10;Driver info: driver.version: unknown" type="org.openqa.selenium.NoSuchElementException">The following error occurred: Cannot locate option with value: 10405
For documentation on this error, please visit: http://seleniumhq.org/exceptions/no_such_element.html
Build info: version: '3.11.0', revision: 'e59cfb3', time: '2018-03-11T20:26:55.152Z'
System info: host: 'PTOF67355', ip: '192.168.0.146', os.name: 'Windows 10', os.arch: 'amd64', os.version: '10.0', java.version: '1.8.0_191'
Driver info: driver.version: unknown
For documentation on this error, please visit: http://seleniumhq.org/exceptions/no_such_element.html
Build info: version: '3.11.0', revision: 'e59cfb3', time: '2018-03-11T20:26:55.152Z'
System info: host: 'PTOF67355', ip: '192.168.0.146', os.name: 'Windows 10', os.arch: 'amd64', os.version: '10.0', java.version: '1.8.0_191'
Driver info: driver.version: unknown</error><system-err>The following error occurred: Cannot locate option with value: 10405
For documentation on this error, please visit: http://seleniumhq.org/exceptions/no_such_element.html
Build info: version: '3.11.0', revision: 'e59cfb3', time: '2018-03-11T20:26:55.152Z'
System info: host: 'PTOF67355', ip: '192.168.0.146', os.name: 'Windows 10', os.arch: 'amd64', os.version: '10.0', java.version: '1.8.0_191'
Driver info: driver.version: unknown
For documentation on this error, please visit: http://seleniumhq.org/exceptions/no_such_element.html
Build info: version: '3.11.0', revision: 'e59cfb3', time: '2018-03-11T20:26:55.152Z'
System info: host: 'PTOF67355', ip: '192.168.0.146', os.name: 'Windows 10', os.arch: 'amd64', os.version: '10.0', java.version: '1.8.0_191'
Driver info: driver.version: unknown&#13;
co.edu.eafit.pageObject.LexPageObject.ingresadconsultorio(LexPageObject.java:302)&#13;
co.edu.eafit.Steps.LexSteps.ingresadatosconsul(LexSteps.java:119)&#13;
co.edu.eafit.definitions.LexDefinition.ingresaLosDatosDelConsultorioJurDico(LexDefinition.java:122)&#13;
cucumber.runner.Runner.runPickle(Runner.java:80)&#13;
org.eclipse.jdt.internal.junit4.runner.JUnit4TestReference.run(JUnit4TestReference.java:89)&#13;
org.eclipse.jdt.internal.junit.runner.TestExecution.run(TestExecution.java:41)&#13;
org.eclipse.jdt.internal.junit.runner.RemoteTestRunner.runTests(RemoteTestRunner.java:542)&#13;
org.eclipse.jdt.internal.junit.runner.RemoteTestRunner.runTests(RemoteTestRunner.java:770)&#13;
org.eclipse.jdt.internal.junit.runner.RemoteTestRunner.run(RemoteTestRunner.java:464)&#13;
org.eclipse.jdt.internal.junit.runner.RemoteTestRunner.main(RemoteTestRunner.java:210)&#13;
</system-err></testcase><testcase name="Menu Proceso/Repartir Proceso"/><testcase name="Menu Consultas/Examinar consultas estudiantes"/></testsuite>